00:43:47 [INFO] rc: Log: C:\Users\Fores\OneDrive\Documents\OpenCode Project\еЈ“ж§Қи„ҡжң¬\еҺӢжһӘи„ҡжң¬_2026-07-01_00-43-47.log
00:43:47 [INFO] rc: Kb: OK
00:43:48 [INFO] rc: Mouse: OK
00:43:48 [INFO] rc: OK
00:43:50 [INFO] rc: ејҖеҗҜ
00:43:52 [INFO] rc: VвҶ“ 9
00:43:52 [INFO] rc: VвҶ“ 8
00:43:52 [INFO] rc: VвҶ“ 7
00:43:53 [INFO] rc: VвҶ“ 6
00:43:53 [INFO] rc: VвҶ“ 5
00:43:53 [INFO] rc: VвҶ“ 4
00:43:53 [INFO] rc: VвҶ“ 3
00:43:53 [INFO] rc: VвҶ“ 2
00:43:55 [INFO] rc: VвҶ‘ 3
00:43:55 [INFO] rc: VвҶ‘ 4
00:43:56 [INFO] rc: VвҶ“ 3
00:43:56 [INFO] rc: VвҶ“ 2
00:43:56 [INFO] rc: VвҶ“ 1
00:43:56 [INFO] rc: VвҶ“ 0
00:43:57 [INFO] rc: VвҶ“ 0
00:43:58 [INFO] rc: VвҶ‘ 1
00:43:59 [INFO] rc: VвҶ‘ 2
00:44:00 [INFO] rc: VвҶ‘ 3
00:44:00 [INFO] rc: VвҶ‘ 4
00:44:01 [INFO] rc: VвҶ‘ 5
00:44:04 [INFO] rc: HвҶҗ -1
00:44:04 [INFO] rc: HвҶҗ -2
00:44:04 [INFO] rc: HвҶҗ -3
00:44:05 [INFO] rc: HвҶҗ -4
00:44:05 [INFO] rc: HвҶҗ -5
00:44:08 [INFO] rc: е…ій—ӯ
00:44:12 [INFO] rc: PвҶ’й»ҳи®Ө
00:44:13 [INFO] rc: PвҶ’й»ҳи®Ө
00:54:18 [INFO] rc: Exit
